<?xml version="1.0" encoding="UTF-8"?>
<!-- Generated by org.testng.reporters.JUnitXMLReporter -->
<testsuite hostname="IBM-POLCAMPALLI" tests="2" failures="0" timestamp="5 Mar 2016 04:02:44 GMT" time="26.846" errors="0">
  <testcase name="@BeforeTest init" time="0.0" classname="TestSaveForLater">
    <failure type="java.lang.NullPointerException">
      <![CDATA[java.lang.NullPointerException
	at org.openqa.selenium.remote.RemoteWebDriver.findElements(RemoteWebDriver.java:387)
	at org.openqa.selenium.remote.RemoteWebDriver.findElementsByXPath(RemoteWebDriver.java:494)
	at org.openqa.selenium.By$ByXPath.findElements(By.java:356)
	at org.openqa.selenium.remote.RemoteWebDriver.findElements(RemoteWebDriver.java:341)
	at HomeObjects.popupExists(HomeObjects.java:105)
	at TestSaveForLater.init(TestSaveForLater.java:28)
	at sun.reflect.NativeMethodAccessorImpl.invoke0(Native Method)
	at sun.reflect.NativeMethodAccessorImpl.invoke(Unknown Source)
	at sun.reflect.DelegatingMethodAccessorImpl.invoke(Unknown Source)
	at java.lang.reflect.Method.invoke(Unknown Source)
	at org.testng.internal.MethodInvocationHelper.invokeMethod(MethodInvocationHelper.java:80)
	at org.testng.internal.Invoker.invokeConfigurationMethod(Invoker.java:564)
	at org.testng.internal.Invoker.invokeConfigurations(Invoker.java:213)
	at org.testng.internal.Invoker.invokeConfigurations(Invoker.java:138)
	at org.testng.TestRunner.beforeRun(TestRunner.java:641)
	at org.testng.TestRunner.run(TestRunner.java:609)
	at org.testng.SuiteRunner.runTest(SuiteRunner.java:334)
	at org.testng.SuiteRunner.runSequentially(SuiteRunner.java:329)
	at org.testng.SuiteRunner.privateRun(SuiteRunner.java:291)
	at org.testng.SuiteRunner.run(SuiteRunner.java:240)
	at org.testng.SuiteRunnerWorker.runSuite(SuiteRunnerWorker.java:52)
	at org.testng.SuiteRunnerWorker.run(SuiteRunnerWorker.java:86)
	at org.testng.TestNG.runSuitesSequentially(TestNG.java:1198)
	at org.testng.TestNG.runSuitesLocally(TestNG.java:1123)
	at org.testng.TestNG.run(TestNG.java:1031)
	at org.testng.remote.RemoteTestNG.run(RemoteTestNG.java:115)
	at org.testng.remote.RemoteTestNG.initAndRun(RemoteTestNG.java:207)
	at org.testng.remote.RemoteTestNG.main(RemoteTestNG.java:178)
]]>
    </failure>
  </testcase> <!-- @BeforeTest init -->
  <testcase name="@BeforeMethod clickHome" time="0.0" classname="TestSaveForLater">
    <skipped/>
  </testcase> <!-- @BeforeMethod clickHome -->
  <testcase name="@BeforeMethod clickHome" time="0.0" classname="TestSaveForLater">
    <skipped/>
  </testcase> <!-- @BeforeMethod clickHome -->
  <testcase name="testSaveItems" time="0.001" classname="TestSaveForLater">
    <skipped/>
  </testcase> <!-- testSaveItems -->
  <testcase name="testSaveItems" time="0.001" classname="TestSaveForLater">
    <skipped/>
  </testcase> <!-- testSaveItems -->
</testsuite>
